0 info it worked if it ends with ok
<<<<<<< HEAD
1 verbose cli [ 'C:\\Program Files\\nodejs\\node.exe',
1 verbose cli   'C:\\Program Files\\nodejs\\node_modules\\npm\\bin\\npm-cli.js',
1 verbose cli   'start' ]
2 info using npm@4.1.2
3 info using node@v7.6.0
=======
1 verbose cli [ '/Users/bweij/.nvm/versions/node/v7.5.0/bin/node',
1 verbose cli   '/Users/bweij/.nvm/versions/node/v7.5.0/bin/npm',
1 verbose cli   'start' ]
2 info using npm@4.1.2
3 info using node@v7.5.0
>>>>>>> upstream/master
4 verbose run-script [ 'prestart', 'start', 'poststart' ]
5 info lifecycle md3_rest_node_16@1.0.0~prestart: md3_rest_node_16@1.0.0
6 silly lifecycle md3_rest_node_16@1.0.0~prestart: no script for prestart, continuing
7 info lifecycle md3_rest_node_16@1.0.0~start: md3_rest_node_16@1.0.0
8 verbose lifecycle md3_rest_node_16@1.0.0~start: unsafe-perm in lifecycle true
<<<<<<< HEAD
9 verbose lifecycle md3_rest_node_16@1.0.0~start: PATH: C:\Program Files\nodejs\node_modules\npm\bin\node-gyp-bin;C:\Users\frank\Desktop\bewijzenmap3\periode1\sct\2017_MD3_NodeJS\node_modules\.bin;C:\Program Files\Broadcom\Broadcom 802.11 Network Adapter;;C:\ProgramData\Oracle\Java\javapath;C:\Program Files\Broadcom\Broadcom 802.11;C:\Program Files (x86)\Intel\iCLS Client\;C:\Program Files\Intel\iCLS Client\;C:\Windows\system32;C:\Windows;C:\Windows\System32\Wbem;C:\Windows\System32\WindowsPowerShell\v1.0\;C:\Program Files\Hewlett-Packard\SimplePass\;C:\Program Files (x86)\NVIDIA Corporation\PhysX\Common;C:\WINDOWS\system32;C:\WINDOWS;C:\WINDOWS\System32\Wbem;C:\WINDOWS\System32\WindowsPowerShell\v1.0\;C:\Program Files\Intel\Intel(R) Management Engine Components\DAL;C:\Program Files\Intel\Intel(R) Management Engine Components\IPT;C:\Program Files\nodejs\;C:\Program Files\Git\cmd;C:\wamp64\bin\php\php7.0.10;C:\ProgramData\ComposerSetup\bin;C:\Program Files (x86)\Skype\Phone\;C:\Ruby23\bin;C:\Users\frank\AppData\Local\Microsoft\WindowsApps;C:\Users\frank\AppData\Roaming\npm;C:\Users\frank\AppData\Roaming\Composer\vendor\bin
10 verbose lifecycle md3_rest_node_16@1.0.0~start: CWD: C:\Users\frank\Desktop\bewijzenmap3\periode1\sct\2017_MD3_NodeJS
11 silly lifecycle md3_rest_node_16@1.0.0~start: Args: [ '/d /s /c', 'node server.js' ]
12 verbose stack Error: kill ENOSYS
12 verbose stack     at exports._errnoException (util.js:1028:11)
12 verbose stack     at process.kill (internal/process.js:173:13)
12 verbose stack     at process.listener (C:\Program Files\nodejs\node_modules\npm\node_modules\npmlog\node_modules\gauge\node_modules\signal-exit\index.js:95:15)
12 verbose stack     at emitNone (events.js:86:13)
12 verbose stack     at process.emit (events.js:186:7)
12 verbose stack     at processEmit (C:\Program Files\nodejs\node_modules\npm\node_modules\npmlog\node_modules\gauge\node_modules\signal-exit\index.js:155:32)
12 verbose stack     at Signal.wrap.onsignal (internal/process.js:200:44)
13 verbose cwd C:\Users\frank\Desktop\bewijzenmap3\periode1\sct\2017_MD3_NodeJS
14 error Windows_NT 10.0.15063
15 error argv "C:\\Program Files\\nodejs\\node.exe" "C:\\Program Files\\nodejs\\node_modules\\npm\\bin\\npm-cli.js" "start"
16 error node v7.6.0
17 error npm  v4.1.2
18 error code ENOSYS
19 error errno ENOSYS
20 error syscall kill
21 error kill ENOSYS
22 error If you need help, you may report this error at:
22 error     <https://github.com/npm/npm/issues>
23 verbose exit [ 1, true ]
=======
9 verbose lifecycle md3_rest_node_16@1.0.0~start: PATH: /Users/bweij/.nvm/versions/node/v7.5.0/lib/node_modules/npm/bin/node-gyp-bin:/Users/bweij/Documents/git/2017_MD3_NodeJS/node_modules/.bin:/Users/bweij/.nvm/versions/node/v7.5.0/bin:/Applications/Postgres.app/Contents/Versions/9.3/bin:/usr/bin:/bin:/usr/sbin:/sbin:/usr/local/bin:/usr/local/git/bin
10 verbose lifecycle md3_rest_node_16@1.0.0~start: CWD: /Users/bweij/Documents/git/2017_MD3_NodeJS
11 silly lifecycle md3_rest_node_16@1.0.0~start: Args: [ '-c', 'node server.js' ]
12 silly lifecycle md3_rest_node_16@1.0.0~start: Returned: code: 1  signal: null
13 info lifecycle md3_rest_node_16@1.0.0~start: Failed to exec start script
14 verbose stack Error: md3_rest_node_16@1.0.0 start: `node server.js`
14 verbose stack Exit status 1
14 verbose stack     at EventEmitter.<anonymous> (/Users/bweij/.nvm/versions/node/v7.5.0/lib/node_modules/npm/lib/utils/lifecycle.js:279:16)
14 verbose stack     at emitTwo (events.js:106:13)
14 verbose stack     at EventEmitter.emit (events.js:192:7)
14 verbose stack     at ChildProcess.<anonymous> (/Users/bweij/.nvm/versions/node/v7.5.0/lib/node_modules/npm/lib/utils/spawn.js:40:14)
14 verbose stack     at emitTwo (events.js:106:13)
14 verbose stack     at ChildProcess.emit (events.js:192:7)
14 verbose stack     at maybeClose (internal/child_process.js:890:16)
14 verbose stack     at Process.ChildProcess._handle.onexit (internal/child_process.js:226:5)
15 verbose pkgid md3_rest_node_16@1.0.0
16 verbose cwd /Users/bweij/Documents/git/2017_MD3_NodeJS
17 error Darwin 16.0.0
18 error argv "/Users/bweij/.nvm/versions/node/v7.5.0/bin/node" "/Users/bweij/.nvm/versions/node/v7.5.0/bin/npm" "start"
19 error node v7.5.0
20 error npm  v4.1.2
21 error code ELIFECYCLE
22 error md3_rest_node_16@1.0.0 start: `node server.js`
22 error Exit status 1
23 error Failed at the md3_rest_node_16@1.0.0 start script 'node server.js'.
23 error Make sure you have the latest version of node.js and npm installed.
23 error If you do, this is most likely a problem with the md3_rest_node_16 package,
23 error not with npm itself.
23 error Tell the author that this fails on your system:
23 error     node server.js
23 error You can get information on how to open an issue for this project with:
23 error     npm bugs md3_rest_node_16
23 error Or if that isn't available, you can get their info via:
23 error     npm owner ls md3_rest_node_16
23 error There is likely additional logging output above.
24 verbose exit [ 1, true ]
>>>>>>> upstream/master
